<?xml version="1.0" encoding="UTF-8"?>
<!-- Generated by org.testng.reporters.JUnitXMLReporter -->
<testsuite ignored="0" hostname="Ritesh-Ahir-DQFF9304G1.local" failures="1" tests="2" name="Surefire test" time="5.187" errors="0" timestamp="2026-04-23T23:01:46 IST">
  <testcase classname="com.test.LoginTest" name="testLoginFailure" time="1.173"/>
  <testcase classname="com.test.LoginTest" name="testLoginSuccess" time="1.188">
    <failure type="java.lang.AssertionError" message="expected [Login Successful1] but found [Login Successful]">
      <![CDATA[java.lang.AssertionError: expected [Login Successful1] but found [Login Successful]
at com.test.LoginTest.testLoginSuccess(LoginTest.java:29)
at java.base/java.util.ArrayList.forEach(ArrayList.java:1604)
... Removed 36 stack frames]]>
    </failure>
  </testcase> <!-- testLoginSuccess -->
</testsuite> <!-- Surefire test -->
